[2026-02-11 06:58:52] Buy Points Error | Data: {"user_id":12,"error":"SQLSTATE[42S02]: Base table or view not found: 1146 Table 'ejeepdb.transactions' doesn't exist","amount":50}
[2026-02-11 06:59:54] Buy Points Error | Data: {"user_id":12,"error":"SQLSTATE[42S02]: Base table or view not found: 1146 Table 'ejeepdb.transactions' doesn't exist","amount":50}
[2026-02-11 07:00:04] Buy Points Error | Data: {"user_id":12,"error":"SQLSTATE[42S02]: Base table or view not found: 1146 Table 'ejeepdb.transactions' doesn't exist","amount":50}
[2026-02-11 07:01:46] Buy Points Error | Data: {"user_id":12,"error":"SQLSTATE[42S02]: Base table or view not found: 1146 Table 'ejeepdb.transactions' doesn't exist","amount":50}
[2026-02-11 07:06:12] API Error | Data: {"http_code":400,"response":{"errors":[{"code":"parameter_format_invalid","detail":"metadata attributes cannot be nested.","source":{"pointer":"metadata","attribute":"metadata"}},{"code":"parameter_invalid","detail":"dob_ubp is an invalid payment_method.","source":{"pointer":"payment_method_allowed","attribute":"payment_method_allowed"}}]},"url":"https:\/\/api.paymongo.com\/v1\/payment_intents"}
[2026-02-11 07:06:12] Buy Points Error | Data: {"user_id":12,"error":"Failed to create payment intent. Please try again.","amount":50}
[2026-02-11 07:06:23] API Error | Data: {"http_code":400,"response":{"errors":[{"code":"parameter_format_invalid","detail":"metadata attributes cannot be nested.","source":{"pointer":"metadata","attribute":"metadata"}},{"code":"parameter_invalid","detail":"dob_ubp is an invalid payment_method.","source":{"pointer":"payment_method_allowed","attribute":"payment_method_allowed"}}]},"url":"https:\/\/api.paymongo.com\/v1\/payment_intents"}
[2026-02-11 07:06:23] Buy Points Error | Data: {"user_id":12,"error":"Failed to create payment intent. Please try again.","amount":50}
[2026-02-11 07:07:16] API Error | Data: {"http_code":400,"response":{"errors":[{"code":"parameter_format_invalid","detail":"metadata attributes cannot be nested.","source":{"pointer":"metadata","attribute":"metadata"}},{"code":"parameter_invalid","detail":"dob_ubp is an invalid payment_method.","source":{"pointer":"payment_method_allowed","attribute":"payment_method_allowed"}}]},"url":"https:\/\/api.paymongo.com\/v1\/payment_intents"}
[2026-02-11 07:07:16] Buy Points Error | Data: {"user_id":12,"error":"Failed to create payment intent. Please try again.","amount":100}
[2026-02-11 07:09:43] API Error | Data: {"http_code":400,"response":{"errors":[{"code":"parameter_format_invalid","detail":"metadata attributes cannot be nested.","source":{"pointer":"metadata","attribute":"metadata"}}]},"url":"https:\/\/api.paymongo.com\/v1\/payment_intents"}
[2026-02-11 07:09:43] Buy Points Error | Data: {"user_id":12,"error":"Failed to create payment intent. Please try again.","amount":50}
[2026-02-11 07:10:05] API Error | Data: {"http_code":400,"response":{"errors":[{"code":"parameter_format_invalid","detail":"metadata attributes cannot be nested.","source":{"pointer":"metadata","attribute":"metadata"}}]},"url":"https:\/\/api.paymongo.com\/v1\/payment_intents"}
[2026-02-11 07:10:05] Buy Points Error | Data: {"user_id":12,"error":"Failed to create payment intent. Please try again.","amount":700}
[2026-02-11 07:11:36] API Error | Data: {"http_code":400,"response":{"errors":[{"code":"parameter_format_invalid","detail":"metadata attributes cannot be nested.","source":{"pointer":"metadata","attribute":"metadata"}},{"code":"parameter_invalid","detail":"dob_ubp is an invalid payment_method.","source":{"pointer":"payment_method_allowed","attribute":"payment_method_allowed"}}]},"url":"https:\/\/api.paymongo.com\/v1\/payment_intents"}
[2026-02-11 07:11:36] Buy Points Error | Data: {"user_id":12,"error":"Failed to create payment intent. Please try again.","amount":50}
[2026-02-11 07:12:05] API Error | Data: {"http_code":400,"response":{"errors":[{"code":"parameter_format_invalid","detail":"metadata attributes cannot be nested.","source":{"pointer":"metadata","attribute":"metadata"}},{"code":"parameter_invalid","detail":"dob_ubp is an invalid payment_method.","source":{"pointer":"payment_method_allowed","attribute":"payment_method_allowed"}}]},"url":"https:\/\/api.paymongo.com\/v1\/payment_intents"}
[2026-02-11 07:12:05] Buy Points Error | Data: {"user_id":12,"error":"Failed to create payment intent. Please try again.","amount":50}
[2026-02-11 07:14:10] Payment Intent Created | Data: {"payment_intent_id":"pi_hn7jy5CDzxN3y8jufS7QHwZs","amount":50,"metadata":{"user_id":"12","transaction_reference":"TXN_12_1770790446_1007","transaction_id":"8","customer_email":"testing@gmail.com","customer_name":"tetete sdas","payment_method":"qrph"}}
[2026-02-11 07:14:18] API Error | Data: {"http_code":400,"response":{"errors":[{"code":"invalid_request_body","detail":"Parameter payment_method_types is required","source":{"pointer":"\/data\/attributes\/payment_method_types"}}]},"url":"https:\/\/api.paymongo.com\/v1\/checkout_sessions"}
[2026-02-11 07:14:18] Buy Points Error | Data: {"user_id":12,"error":"Failed to create checkout session. Please try again.","amount":50}
[2026-02-11 07:16:02] [TEST] Payment Intent Created | Data: {"payment_intent_id":"pi_YCQRPNUE1piCEmiJqkRdfvKL","amount":50,"metadata":{"user_id":"12","transaction_reference":"TXN_12_1770790557_9185","transaction_id":"9","customer_email":"testing@gmail.com","customer_name":"tetete sdas","payment_method":"gcash"}}
[2026-02-11 07:16:05] [TEST] API Error | Data: {"http_code":400,"response":{"errors":[{"code":"invalid_request_body","detail":"Parameter payment_method_types is required","source":{"pointer":"\/data\/attributes\/payment_method_types"}}]},"url":"https:\/\/api.paymongo.com\/v1\/checkout_sessions"}
[2026-02-11 07:16:05] [TEST] Buy Points Error | Data: {"user_id":12,"error":"Failed to create checkout session. Please try again.","amount":50}
[2026-02-11 07:16:52] [TEST] Payment Intent Created | Data: {"payment_intent_id":"pi_YuFgb6rDqPyNFmonP7m8TJEB","amount":50,"metadata":{"user_id":"12","transaction_reference":"TXN_12_1770790611_8077","transaction_id":"10","customer_email":"testing@gmail.com","customer_name":"tetete sdas","payment_method":"gcash"}}
[2026-02-11 07:16:53] [TEST] API Error | Data: {"http_code":400,"response":{"errors":[{"code":"invalid_request_body","detail":"Parameter payment_method_types is required","source":{"pointer":"\/data\/attributes\/payment_method_types"}}]},"url":"https:\/\/api.paymongo.com\/v1\/checkout_sessions"}
[2026-02-11 07:16:53] [TEST] Buy Points Error | Data: {"user_id":12,"error":"Failed to create checkout session. Please try again.","amount":50}
[2026-02-11 07:18:20] [TEST] Payment Intent Created | Data: {"payment_intent_id":"pi_oscqZbbNvDgQov6XAQtgeL5y","amount":50,"metadata":{"user_id":"12","transaction_reference":"TXN_12_1770790696_9526","transaction_id":"11","customer_email":"testing@gmail.com","customer_name":"tetete sdas","payment_method":"qrph"}}
[2026-02-11 07:18:24] [TEST] API Error | Data: {"http_code":400,"response":{"errors":[{"code":"invalid_request_body","detail":"Parameter line_items is required","source":{"pointer":"\/data\/attributes\/line_items"}}]},"url":"https:\/\/api.paymongo.com\/v1\/checkout_sessions"}
[2026-02-11 07:18:24] [TEST] Buy Points Error | Data: {"user_id":12,"error":"Failed to create checkout session. Please try again.","amount":50}
[2026-02-11 07:19:55] [TEST] Payment Intent Created | Data: {"payment_intent_id":"pi_c5K38XGYo5VhfTDq9mJ5w3bD","amount":50,"metadata":{"user_id":"12","transaction_reference":"TXN_12_1770790793_6216","transaction_id":"12","customer_email":"testing@gmail.com","customer_name":"tetete sdas","payment_method":"qrph"}}
[2026-02-11 07:19:56] [TEST] API Error | Data: {"http_code":400,"response":{"errors":[{"code":"invalid_request_body","detail":"Parameter line_items is required","source":{"pointer":"\/data\/attributes\/line_items"}}]},"url":"https:\/\/api.paymongo.com\/v1\/checkout_sessions"}
[2026-02-11 07:19:56] [TEST] Buy Points Error | Data: {"user_id":12,"error":"Failed to create checkout session. Please try again.","amount":50}
[2026-02-11 07:26:03] [TEST] Payment Intent Created | Data: {"payment_intent_id":"pi_5y9zuTRVVE7a8jL8Y6feZHZE","amount":50,"metadata":{"user_id":"12","transaction_reference":"TXN_12_1770791160_8715","transaction_id":"13","customer_email":"testing@gmail.com","customer_name":"tetete sdas","payment_method":"qrph"}}
[2026-02-11 07:26:05] [TEST] Checkout Session Created | Data: {"checkout_session_id":"cs_cab8537d36385309f9a5c011","payment_intent_id":"pi_5y9zuTRVVE7a8jL8Y6feZHZE"}
[2026-02-11 07:26:55] [TEST] Payment Callback Received | Data: {"user_id":12,"status":"cancel","get_params":{"status":"cancel"},"session_transaction":"TXN_12_1770791160_8715"}
[2026-02-11 07:26:55] [TEST] Payment Cancelled | Data: {"user_id":12,"transaction_reference":"TXN_12_1770791160_8715","affected_rows":1}
[2026-02-11 07:27:43] [TEST] Payment Intent Created | Data: {"payment_intent_id":"pi_77Xyn1cFhwvbZ3SHWeTUbChw","amount":78,"metadata":{"user_id":"12","transaction_reference":"TXN_12_1770791258_9607","transaction_id":"14","customer_email":"testing@gmail.com","customer_name":"tetete sdas","payment_method":"gcash"}}
[2026-02-11 07:27:46] [TEST] Checkout Session Created | Data: {"checkout_session_id":"cs_bb351758a63492d538f8f972","payment_intent_id":"pi_77Xyn1cFhwvbZ3SHWeTUbChw"}
[2026-02-11 07:30:16] [TEST] Payment Callback Received | Data: {"user_id":12,"status":"cancel","get_params":{"status":"cancel"},"session_transaction":"TXN_12_1770791258_9607"}
[2026-02-11 07:30:16] [TEST] Payment Cancelled | Data: {"user_id":12,"transaction_reference":"TXN_12_1770791258_9607","affected_rows":1}
[2026-02-11 07:40:57] [TEST] Payment Intent Created | Data: {"payment_intent_id":"pi_jQJuVFrP3XeGvaRf9xebux4E","amount":50,"metadata":{"user_id":"12","transaction_reference":"TXN_12_1770792052_9654","transaction_id":"15","customer_email":"testing@gmail.com","customer_name":"tetete sdas","payment_method":"gcash"}}
[2026-02-11 07:40:59] [TEST] Checkout Session Created | Data: {"checkout_session_id":"cs_b4218fbcdce67361513ec578","payment_intent_id":"pi_jQJuVFrP3XeGvaRf9xebux4E"}
[2026-02-11 07:44:16] [TEST] Payment Callback Received | Data: {"user_id":12,"status":"cancel","get_params":{"status":"cancel"},"session_transaction":"TXN_12_1770792052_9654"}
[2026-02-11 07:44:16] [TEST] Payment Cancelled | Data: {"user_id":12,"transaction_reference":"TXN_12_1770792052_9654","affected_rows":1}
[2026-02-11 07:45:22] [TEST] Payment Intent Created | Data: {"payment_intent_id":"pi_JnAX8en14qv8819DDFN9mW8t","amount":100,"metadata":{"test_mode":"mobile","user_id":"999","device":"mobile_test"}}
[2026-02-11 07:45:24] [TEST] Checkout Session Created | Data: {"checkout_session_id":"cs_5c1bb3ff8fffe4318d2bf6b6","payment_intent_id":"pi_JnAX8en14qv8819DDFN9mW8t"}
[2026-02-11 07:57:07] [TEST] Payment Intent Created | Data: {"payment_intent_id":"pi_dKijZCx63vpNoPHRw7D7EKSq","amount":500,"metadata":{"user_id":"12","transaction_reference":"TXN_12_1770793021_1537","transaction_id":"16","customer_email":"testing@gmail.com","customer_name":"tetete sdas","payment_method":"gcash"}}
[2026-02-11 07:57:14] [TEST] Checkout Session Created | Data: {"checkout_session_id":"cs_d6062f1226c24ee352bd88d9","payment_intent_id":"pi_dKijZCx63vpNoPHRw7D7EKSq"}
[2026-02-11 08:19:27] [TEST] Payment Callback Received | Data: {"user_id":12,"status":"cancel","get_params":{"status":"cancel"},"session_transaction":"none"}
[2026-02-11 08:25:36] [TEST] Payment Intent Created | Data: {"payment_intent_id":"pi_GaWY6apcVtFoecEfb2xSrxKX","amount":50,"metadata":{"user_id":"12","transaction_reference":"TXN_12_1770794733_4198","transaction_id":"17","customer_email":"testing@gmail.com","customer_name":"tetete sdas","payment_method":"card","mobile_checkout":"true"}}
[2026-02-11 08:25:39] [TEST] Checkout Session Created | Data: {"checkout_session_id":"cs_05e04ff3d79beab9fd071cbe","payment_intent_id":"pi_GaWY6apcVtFoecEfb2xSrxKX"}
[2026-02-11 08:27:41] [TEST] Payment Callback Received | Data: {"user_id":12,"status":"cancel","get_params":{"status":"cancel"},"session_transaction":"TXN_12_1770794733_4198"}
[2026-02-11 08:27:41] [TEST] Payment Cancelled | Data: {"user_id":12,"transaction_reference":"TXN_12_1770794733_4198","affected_rows":1}
[2026-02-19 07:00:47] [TEST] Payment Intent Created | Data: {"payment_intent_id":"pi_t2D8AWRsJhAQuhraNJgJWwFF","amount":50,"metadata":{"user_id":"4","transaction_reference":"TXN_4_1771480845_2838","transaction_id":"19","customer_email":"ps1@gmail.com","customer_name":"ps 1","payment_method":"gcash"}}
[2026-02-19 07:00:51] [TEST] Checkout Session Created | Data: {"checkout_session_id":"cs_d5011631c7a4ee2ed4804ec8","payment_intent_id":"pi_t2D8AWRsJhAQuhraNJgJWwFF"}
[2026-02-19 07:01:16] [TEST] Payment Callback Received | Data: {"user_id":4,"status":"success","get_params":{"status":"success"},"session_transaction":"TXN_4_1771480845_2838"}
[2026-02-19 07:01:22] [TEST] PayMongo API Error | Data: {"http_code":404,"url":"https:\/\/api.paymongo.com\/v1\/payment_intents\/","method":"GET","errors":[{"code":"process_not_implemented","detail":"Index action not implemented","source":null}]}
[2026-02-19 07:01:22] [TEST] Success Callback Error | Data: {"user_id":4,"error":"Failed to retrieve payment details."}
[2026-02-19 07:01:22] [TEST] Callback Processing Error | Data: {"user_id":4,"status":"success","error":"Failed to retrieve payment details."}
[2026-02-19 07:01:22] [TEST] Payment Callback Received | Data: {"user_id":4,"status":"success","get_params":{"status":"success"},"session_transaction":"TXN_4_1771480845_2838"}
[2026-02-19 07:01:34] [TEST] PayMongo API Error | Data: {"http_code":404,"url":"https:\/\/api.paymongo.com\/v1\/payment_intents\/","method":"GET","errors":[{"code":"process_not_implemented","detail":"Index action not implemented","source":null}]}
[2026-02-19 07:01:34] [TEST] Success Callback Error | Data: {"user_id":4,"error":"Failed to retrieve payment details."}
[2026-02-19 07:01:34] [TEST] Callback Processing Error | Data: {"user_id":4,"status":"success","error":"Failed to retrieve payment details."}
[2026-02-19 07:01:34] [TEST] Payment Callback Received | Data: {"user_id":4,"status":"success","get_params":{"status":"success"},"session_transaction":"TXN_4_1771480845_2838"}
[2026-02-19 07:01:41] [TEST] PayMongo API Error | Data: {"http_code":404,"url":"https:\/\/api.paymongo.com\/v1\/payment_intents\/","method":"GET","errors":[{"code":"process_not_implemented","detail":"Index action not implemented","source":null}]}
[2026-02-19 07:01:41] [TEST] Success Callback Error | Data: {"user_id":4,"error":"Failed to retrieve payment details."}
[2026-02-19 07:01:41] [TEST] Callback Processing Error | Data: {"user_id":4,"status":"success","error":"Failed to retrieve payment details."}
[2026-03-17 02:58:50] [TEST] Payment Intent Created | Data: {"payment_intent_id":"pi_uxupFCjJV6spwMe4cms2SFv3","amount":100,"metadata":{"user_id":"4","transaction_reference":"TXN_4_1773712727_7043","transaction_id":"20","customer_email":"ps1@gmail.com","customer_name":"ps 1","payment_method":"gcash"}}
[2026-03-17 02:58:52] [TEST] Checkout Session Created | Data: {"checkout_session_id":"cs_654b416f51fb096a23428c56","payment_intent_id":"pi_uxupFCjJV6spwMe4cms2SFv3"}
[2026-03-17 03:08:30] [TEST] Payment Callback Received | Data: {"user_id":4,"status":"cancel","get_params":{"status":"cancel"},"session_transaction":"TXN_4_1773712727_7043"}
[2026-03-17 03:08:30] [TEST] Payment Cancelled | Data: {"user_id":4,"transaction_reference":"TXN_4_1773712727_7043","affected_rows":1}
[2026-03-17 03:09:25] [TEST] Payment Intent Created | Data: {"payment_intent_id":"pi_nQLQ88wMCdspRky5fE49gPrM","amount":200,"metadata":{"user_id":"4","transaction_reference":"TXN_4_1773713362_3546","transaction_id":"21","customer_email":"ps1@gmail.com","customer_name":"ps 1","payment_method":"gcash"}}
[2026-03-17 03:09:26] [TEST] Checkout Session Created | Data: {"checkout_session_id":"cs_841cceba8d76a391b91e2623","payment_intent_id":"pi_nQLQ88wMCdspRky5fE49gPrM"}
[2026-03-17 03:15:33] [TEST] Payment Intent Created | Data: {"payment_intent_id":"pi_di74VeiuPdsupgzsF7ReqZkc","amount":50,"metadata":{"user_id":"4","transaction_reference":"TXN_4_1773713732_4552","transaction_id":"22","customer_email":"ps1@gmail.com","customer_name":"ps 1","payment_method":"qrph"}}
[2026-03-17 03:15:34] [TEST] Checkout Session Created | Data: {"checkout_session_id":"cs_eb21253446530f091f5f3a15","payment_intent_id":"pi_di74VeiuPdsupgzsF7ReqZkc"}
[2026-03-17 03:16:00] [TEST] Payment Callback Received | Data: {"user_id":4,"status":"cancel","get_params":{"status":"cancel"},"session_transaction":"TXN_4_1773713732_4552"}
[2026-03-17 03:16:00] [TEST] Payment Cancelled | Data: {"user_id":4,"transaction_reference":"TXN_4_1773713732_4552","affected_rows":1}
[2026-03-17 03:26:47] [TEST] Payment Intent Created | Data: {"payment_intent_id":"pi_e9pLCHoA5w1WpXM1BpZkohL5","amount":50,"metadata":{"user_id":"4","transaction_reference":"TXN_4_1773714405_8337","transaction_id":"23","customer_email":"ps1@gmail.com","customer_name":"ps 1","payment_method":"gcash"}}
[2026-03-17 03:26:48] [TEST] Checkout Session Created | Data: {"checkout_session_id":"cs_7f45b1955807d17bb8a0f15e","payment_intent_id":"pi_e9pLCHoA5w1WpXM1BpZkohL5"}
[2026-03-17 03:27:16] [TEST] Payment Callback Received | Data: {"user_id":4,"status":"success","get_params":{"status":"success"},"session_transaction":"TXN_4_1773714405_8337"}
[2026-03-17 03:27:18] [TEST] Success Callback Processing | Data: {"user_id":4,"payment_intent_id":"pi_e9pLCHoA5w1WpXM1BpZkohL5","payment_status":"awaiting_payment_method","amount":50}
[2026-03-17 03:27:18] [TEST] Success Callback Error | Data: {"user_id":4,"error":"Payment was not successful. Status: awaiting_payment_method"}
[2026-03-17 03:27:18] [TEST] Callback Processing Error | Data: {"user_id":4,"status":"success","error":"Payment was not successful. Status: awaiting_payment_method"}
[2026-03-17 03:31:57] [TEST] Payment Intent Created | Data: {"payment_intent_id":"pi_1VHep9Yr5SwWwdeeFk4JDG7t","amount":50,"metadata":{"user_id":"4","transaction_reference":"TXN_4_1773714716_7107","transaction_id":"24","customer_email":"ps1@gmail.com","customer_name":"ps 1","payment_method":"qrph"}}
[2026-03-17 03:31:58] [TEST] Checkout Session Created | Data: {"checkout_session_id":"cs_cb717e3b265651ecfff10ed5","payment_intent_id":"pi_1VHep9Yr5SwWwdeeFk4JDG7t"}
[2026-03-17 03:32:23] [TEST] Payment Callback Received | Data: {"user_id":4,"status":"cancel","get_params":{"status":"cancel"},"session_transaction":"TXN_4_1773714716_7107"}
[2026-03-17 03:32:23] [TEST] Payment Cancelled | Data: {"user_id":4,"transaction_reference":"TXN_4_1773714716_7107","affected_rows":1}
